1750767773078:help
1750769559573:trivy
1750769564703:complete
1750769572965:trivy:complete
1750769580106:trivy: complete
1750769590522:trivy
1750769600282:--arg1 trivy
1750769608610:--arg1 complete
1750769626976:trivy --arg1 s
1750769706043:help
1750769712505:trivy
1750769822377:help
1750770080622:trivy
1750770099810:clear
1750770109315:history
1750770368320:help
1750770379742:flow showcase
1750770381968:flow
1750770394199:flow conditional
1750771751381:help
1750771757483:help help
1750772604977:help
1750772614618:trivy Run
1750772620081:trivy help
1750772630015:trivy
1750772821780:help
1750772826563:trivy run
1750773435150:help
1750773442189:component
1750773449317:path
1750773459862:component path input
1750773491175:input /
1750773497862:input
1750773501986:input a
1750773533357:component path
1750773590956:help
1750773610959:component path input
1750773870554:component input path
1750773874991:help
1750773901367:component path input /home
1750774283416:exit
1750774444609:help
1750774453377:exit
1750776150522:trivy asdw
1750776186178:exit
1750776199474:trivy awd
1750776225546:exit
1750776230275:trivy awdasd
1750776254265:exit
1750776259179:trivy adw
1750776315006:trivy awsdaw
1750776347835:exit
1750776351787:trivy adwa
1750776356715:exit
